#
# There is insufficient memory for the Java Runtime Environment to continue.
# Native memory allocation (malloc) failed to allocate 1609776 bytes for Chunk::new
# Possible reasons:
#   The system is out of physical RAM or swap space
#   The process is running with CompressedOops enabled, and the Java Heap may be blocking the growth of the native heap
# Possible solutions:
#   Reduce memory load on the system
#   Increase physical memory or swap space
#   Check if swap backing store is full
#   Decrease Java heap size (-Xmx/-Xms)
#   Decrease number of Java threads
#   Decrease Java thread stack sizes (-Xss)
#   Set larger code cache with -XX:ReservedCodeCacheSize=
#   JVM is running with Unscaled Compressed Oops mode in which the Java heap is
#     placed in the first 4GB address space. The Java Heap base address is the
#     maximum limit for the native heap growth. Please use -XX:HeapBaseMinAddress
#     to set the Java Heap base and to place the Java Heap above 4GB virtual address.
# This output file may be truncated or incomplete.
#
#  Out of Memory Error (arena.cpp:184), pid=18156, tid=12296
#
# JRE version: Java(TM) SE Runtime Environment (19.0.1+10) (build 19.0.1+10-21)
# Java VM: Java HotSpot(TM) 64-Bit Server VM (19.0.1+10-21, mixed mode, sharing, tiered, compressed oops, compressed class ptrs, g1 gc, windows-amd64)
# No core dump will be written. Minidumps are not enabled by default on client versions of Windows
#

---------------  S U M M A R Y ------------

Command Line: -javaagent:C:\Program Files\JetBrains\IntelliJ IDEA Community Edition 2022.3\lib\idea_rt.jar=51369:C:\Program Files\JetBrains\IntelliJ IDEA Community Edition 2022.3\bin -Dfile.encoding=UTF-8 -Dsun.stdout.encoding=UTF-8 -Dsun.stderr.encoding=UTF-8 com.blog.apis.BlogApplicationApisApplication

Host: Intel(R) Core(TM) i5-8250U CPU @ 1.60GHz, 8 cores, 7G,  Windows 11 , 64 bit Build 22621 (10.0.22621.1485)
Time: Wed May  3 16:11:35 2023 India Standard Time elapsed time: 5.388901 seconds (0d 0h 0m 5s)

---------------  T H R E A D  ---------------

Current thread (0x000001b66324f100):  JavaThread "C2 CompilerThread2" daemon [_thread_in_native, id=12296, stack(0x0000003e5b100000,0x0000003e5b200000)]


Current CompileTask:
C2:   5390 2613 %     4       org.springframework.boot.context.properties.source.ConfigurationPropertyName$ElementsParser::parse @ 23 (234 bytes)

Stack: [0x0000003e5b100000,0x0000003e5b200000]
Native frames: (J=compiled Java code, j=interpreted, Vv=VM code, C=native code)
V  [jvm.dll+0x6ee8fa]
V  [jvm.dll+0x857a1e]
V  [jvm.dll+0x85940e]
V  [jvm.dll+0x859ac3]
V  [jvm.dll+0x28291f]
V  [jvm.dll+0xc9b5f]
V  [jvm.dll+0xc9ee5]
V  [jvm.dll+0x3bcb72]
V  [jvm.dll+0x386201]
V  [jvm.dll+0x38567a]
V  [jvm.dll+0x24c2c9]
V  [jvm.dll+0x24b671]
V  [jvm.dll+0x1d6d61]
V  [jvm.dll+0x25b0fa]
V  [jvm.dll+0x259588]
V  [jvm.dll+0x807928]
V  [jvm.dll+0x8015fa]
V  [jvm.dll+0x6ed5eb]
C  [ucrtbase.dll+0x29363]
C  [KERNEL32.DLL+0x1269d]
C  [ntdll.dll+0x5a9f8]


---------------  P R O C E S S  ---------------

Threads class SMR info:
_java_thread_list=0x000001b66312a5c0, length=17, elements={
0x000001b63f1d9d50, 0x000001b661c04740, 0x000001b661c07280, 0x000001b661c16140,
0x000001b661c18a80, 0x000001b661c1d3d0, 0x000001b661c21270, 0x000001b661c25930,
0x000001b661c2a2b0, 0x000001b661c20d20, 0x000001b661c1f7e0, 0x000001b661c1ed40,
0x000001b661c1dd50, 0x000001b661c1fd30, 0x000001b661c1e2a0, 0x000001b6637c8af0,
0x000001b66324f100
}

Java Threads: ( => current thread )
  0x000001b63f1d9d50 JavaThread "main" [_thread_blocked, id=15316, stack(0x0000003e59300000,0x0000003e59400000)]
  0x000001b661c04740 JavaThread "Reference Handler" daemon [_thread_blocked, id=18064, stack(0x0000003e59900000,0x0000003e59a00000)]
  0x000001b661c07280 JavaThread "Finalizer" daemon [_thread_blocked, id=16188, stack(0x0000003e59a00000,0x0000003e59b00000)]
  0x000001b661c16140 JavaThread "Signal Dispatcher" daemon [_thread_blocked, id=19144, stack(0x0000003e59b00000,0x0000003e59c00000)]
  0x000001b661c18a80 JavaThread "Attach Listener" daemon [_thread_blocked, id=14156, stack(0x0000003e59c00000,0x0000003e59d00000)]
  0x000001b661c1d3d0 JavaThread "Service Thread" daemon [_thread_blocked, id=20004, stack(0x0000003e59d00000,0x0000003e59e00000)]
  0x000001b661c21270 JavaThread "Monitor Deflation Thread" daemon [_thread_blocked, id=18016, stack(0x0000003e59e00000,0x0000003e59f00000)]
  0x000001b661c25930 JavaThread "C2 CompilerThread0" daemon [_thread_in_native, id=15752, stack(0x0000003e59f00000,0x0000003e5a000000)]
  0x000001b661c2a2b0 JavaThread "C1 CompilerThread0" daemon [_thread_blocked, id=20844, stack(0x0000003e5a000000,0x0000003e5a100000)]
  0x000001b661c20d20 JavaThread "Sweeper thread" daemon [_thread_blocked, id=4424, stack(0x0000003e5a100000,0x0000003e5a200000)]
  0x000001b661c1f7e0 JavaThread "Common-Cleaner" daemon [_thread_blocked, id=20220, stack(0x0000003e5a200000,0x0000003e5a300000)]
  0x000001b661c1ed40 JavaThread "Monitor Ctrl-Break" daemon [_thread_in_native, id=17920, stack(0x0000003e5a300000,0x0000003e5a400000)]
  0x000001b661c1dd50 JavaThread "Notification Thread" daemon [_thread_blocked, id=11724, stack(0x0000003e5a400000,0x0000003e5a500000)]
  0x000001b661c1fd30 JavaThread "Thread-0" [_thread_blocked, id=20940, stack(0x0000003e5a700000,0x0000003e5a800000)]
  0x000001b661c1e2a0 JavaThread "restartedMain" [_thread_in_Java, id=11156, stack(0x0000003e5a800000,0x0000003e5a900000)]
  0x000001b6637c8af0 JavaThread "C2 CompilerThread1" daemon [_thread_in_native, id=11640, stack(0x0000003e5a600000,0x0000003e5a700000)]
=>0x000001b66324f100 JavaThread "C2 CompilerThread2" daemon [_thread_in_native, id=12296, stack(0x0000003e5b100000,0x0000003e5b200000)]

Other Threads:
  0x000001b65b0c5e70 VMThread "VM Thread" [stack: 0x0000003e59800000,0x0000003e59900000] [id=20216]
  0x000001b6620c8630 WatcherThread "VM Periodic Task Thread" [stack: 0x0000003e5a500000,0x0000003e5a600000] [id=14096]
  0x000001b63f238830 WorkerThread "GC Thread#0" [stack: 0x0000003e59100000,0x0000003e59200000] [id=5784]
  0x000001b662a978b0 WorkerThread "GC Thread#1" [stack: 0x0000003e5a900000,0x0000003e5aa00000] [id=8412]
  0x000001b662a97b80 WorkerThread "GC Thread#2" [stack: 0x0000003e5aa00000,0x0000003e5ab00000] [id=16144]
  0x000001b662af3990 WorkerThread "GC Thread#3" [stack: 0x0000003e5ab00000,0x0000003e5ac00000] [id=12604]
  0x000001b662af47a0 WorkerThread "GC Thread#4" [stack: 0x0000003e5ac00000,0x0000003e5ad00000] [id=1168]
  0x000001b662af3c60 WorkerThread "GC Thread#5" [stack: 0x0000003e5ad00000,0x0000003e5ae00000] [id=8956]
  0x000001b662af3120 WorkerThread "GC Thread#6" [stack: 0x0000003e5ae00000,0x0000003e5af00000] [id=10552]
  0x000001b662af3f30 WorkerThread "GC Thread#7" [stack: 0x0000003e5af00000,0x0000003e5b000000] [id=3472]
  0x000001b65aeebda0 ConcurrentGCThread "G1 Main Marker" [stack: 0x0000003e59400000,0x0000003e59500000] [id=13180]
  0x000001b65aeec670 WorkerThread "G1 Conc#0" [stack: 0x0000003e59500000,0x0000003e59600000] [id=10164]
  0x000001b65af7eaa0 ConcurrentGCThread "G1 Refine#0" [stack: 0x0000003e59600000,0x0000003e59700000] [id=2444]
  0x000001b65af7f7c0 ConcurrentGCThread "G1 Service" [stack: 0x0000003e59700000,0x0000003e59800000] [id=20124]

Threads with active compile tasks:
C2 CompilerThread0     5541 2675       4       java.lang.invoke.MethodType::methodType (69 bytes)
C2 CompilerThread1     5542 2764       4       jdk.internal.jimage.ImageLocation::verify (218 bytes)
C2 CompilerThread2     5543 2613 %     4       org.springframework.boot.context.properties.source.ConfigurationPropertyName$ElementsParser::parse @ 23 (234 bytes)

VM state: not at safepoint (normal execution)

VM Mutex/Monitor currently owned by a thread:  ([mutex/lock_event])
[0x000001b63f1d50f0] MethodCompileQueue_lock - owner thread: 0x0000000000000000

Heap address: 0x0000000082000000, size: 2016 MB, Compressed Oops mode: 32-bit

CDS archive(s) mapped at: [0x0000000800000000-0x0000000800c40000-0x0000000800c40000), size 12845056, SharedBaseAddress: 0x0000000800000000, ArchiveRelocationMode: 0.
Compressed class space mapped at: 0x0000000801000000-0x0000000841000000, reserved size: 1073741824
Narrow klass base: 0x0000000800000000, Narrow klass shift: 0, Narrow klass range: 0x100000000

GC Precious Log:
 CardTable entry size: 512
 Card Set container configuration: InlinePtr #cards 5 size 8 Array Of Cards #cards 12 size 40 Howl #buckets 4 coarsen threshold 1843 Howl Bitmap #cards 512 size 80 coarsen threshold 460 Card regions per heap region 1 cards per card region 2048
 CPUs: 8 total, 8 available
 Memory: 8060M
 Large Page Support: Disabled
 NUMA Support: Disabled
 Compressed Oops: Enabled (32-bit)
 Heap Region Size: 1M
 Heap Min Capacity: 8M
 Heap Initial Capacity: 126M
 Heap Max Capacity: 2016M
 Pre-touch: Disabled
 Parallel Workers: 8
 Concurrent Workers: 2
 Concurrent Refinement Workers: 8
 Periodic GC: Disabled

Heap:
 garbage-first heap   total 129024K, used 47743K [0x0000000082000000, 0x0000000100000000)
  region size 1024K, 42 young (43008K), 3 survivors (3072K)
 Metaspace       used 20728K, committed 21056K, reserved 1114112K
  class space    used 2529K, committed 2688K, reserved 1048576K

Heap Regions: E=young(eden), S=young(survivor), O=old, HS=humongous(starts), HC=humongous(continues), CS=collection set, F=free, OA=open archive, CA=closed archive, TAMS=top-at-mark-start (previous, next)
|   0|0x0000000082000000, 0x0000000082100000, 0x0000000082100000|100%|HS|  |TAMS 0x0000000082000000, 0x0000000082000000| Complete 
|   1|0x0000000082100000, 0x0000000082200000, 0x0000000082200000|100%| O|  |TAMS 0x0000000082100000, 0x0000000082100000| Untracked 
|   2|0x0000000082200000, 0x0000000082300000, 0x0000000082300000|100%| O|  |TAMS 0x0000000082200000, 0x0000000082200000| Untracked 
|   3|0x0000000082300000, 0x0000000082400000, 0x0000000082400000|100%| O|  |TAMS 0x0000000082300000, 0x0000000082300000| Untracked 
|   4|0x0000000082400000, 0x0000000082500000, 0x0000000082500000|100%| O|  |TAMS 0x0000000082400000, 0x0000000082400000| Untracked 
|   5|0x0000000082500000, 0x0000000082600000, 0x0000000082600000|100%| O|  |TAMS 0x0000000082500000, 0x0000000082500000| Untracked 
|   6|0x0000000082600000, 0x0000000082700000, 0x0000000082700000|100%| O|  |TAMS 0x0000000082600000, 0x0000000082600000| Untracked 
|   7|0x0000000082700000, 0x000000008275cc00, 0x0000000082800000| 36%| O|  |TAMS 0x0000000082700000, 0x0000000082700000| Untracked 
|   8|0x0000000082800000, 0x0000000082800000, 0x0000000082900000|  0%| F|  |TAMS 0x0000000082800000, 0x0000000082800000| Untracked 
|   9|0x0000000082900000, 0x0000000082900000, 0x0000000082a00000|  0%| F|  |TAMS 0x0000000082900000, 0x0000000082900000| Untracked 
|  10|0x0000000082a00000, 0x0000000082a00000, 0x0000000082b00000|  0%| F|  |TAMS 0x0000000082a00000, 0x0000000082a00000| Untracked 
|  11|0x0000000082b00000, 0x0000000082b00000, 0x0000000082c00000|  0%| F|  |TAMS 0x0000000082b00000, 0x0000000082b00000| Untracked 
|  12|0x0000000082c00000, 0x0000000082c00000, 0x0000000082d00000|  0%| F|  |TAMS 0x0000000082c00000, 0x0000000082c00000| Untracked 
|  13|0x0000000082d00000, 0x0000000082d00000, 0x0000000082e00000|  0%| F|  |TAMS 0x0000000082d00000, 0x0000000082d00000| Untracked 
|  14|0x0000000082e00000, 0x0000000082e00000, 0x0000000082f00000|  0%| F|  |TAMS 0x0000000082e00000, 0x0000000082e00000| Untracked 
|  15|0x0000000082f00000, 0x0000000082f00000, 0x0000000083000000|  0%| F|  |TAMS 0x0000000082f00000, 0x0000000082f00000| Untracked 
|  16|0x0000000083000000, 0x0000000083000000, 0x0000000083100000|  0%| F|  |TAMS 0x0000000083000000, 0x0000000083000000| Untracked 
|  17|0x0000000083100000, 0x0000000083100000, 0x0000000083200000|  0%| F|  |TAMS 0x0000000083100000, 0x0000000083100000| Untracked 
|  18|0x0000000083200000, 0x0000000083200000, 0x0000000083300000|  0%| F|  |TAMS 0x0000000083200000, 0x0000000083200000| Untracked 
|  19|0x0000000083300000, 0x0000000083300000, 0x0000000083400000|  0%| F|  |TAMS 0x0000000083300000, 0x0000000083300000| Untracked 
|  20|0x0000000083400000, 0x0000000083400000, 0x0000000083500000|  0%| F|  |TAMS 0x0000000083400000, 0x0000000083400000| Untracked 
|  21|0x0000000083500000, 0x0000000083500000, 0x0000000083600000|  0%| F|  |TAMS 0x0000000083500000, 0x0000000083500000| Untracked 
|  22|0x0000000083600000, 0x0000000083600000, 0x0000000083700000|  0%| F|  |TAMS 0x0000000083600000, 0x0000000083600000| Untracked 
|  23|0x0000000083700000, 0x0000000083700000, 0x0000000083800000|  0%| F|  |TAMS 0x0000000083700000, 0x0000000083700000| Untracked 
|  24|0x0000000083800000, 0x0000000083800000, 0x0000000083900000|  0%| F|  |TAMS 0x0000000083800000, 0x0000000083800000| Untracked 
|  25|0x0000000083900000, 0x0000000083900000, 0x0000000083a00000|  0%| F|  |TAMS 0x0000000083900000, 0x0000000083900000| Untracked 
|  26|0x0000000083a00000, 0x0000000083a00000, 0x0000000083b00000|  0%| F|  |TAMS 0x0000000083a00000, 0x0000000083a00000| Untracked 
|  27|0x0000000083b00000, 0x0000000083b00000, 0x0000000083c00000|  0%| F|  |TAMS 0x0000000083b00000, 0x0000000083b00000| Untracked 
|  28|0x0000000083c00000, 0x0000000083c00000, 0x0000000083d00000|  0%| F|  |TAMS 0x0000000083c00000, 0x0000000083c00000| Untracked 
|  29|0x0000000083d00000, 0x0000000083d00000, 0x0000000083e00000|  0%| F|  |TAMS 0x0000000083d00000, 0x0000000083d00000| Untracked 
|  30|0x0000000083e00000, 0x0000000083e00000, 0x0000000083f00000|  0%| F|  |TAMS 0x0000000083e00000, 0x0000000083e00000| Untracked 
|  31|0x0000000083f00000, 0x0000000083f00000, 0x0000000084000000|  0%| F|  |TAMS 0x0000000083f00000, 0x0000000083f00000| Untracked 
|  32|0x0000000084000000, 0x0000000084000000, 0x0000000084100000|  0%| F|  |TAMS 0x0000000084000000, 0x0000000084000000| Untracked 
|  33|0x0000000084100000, 0x0000000084100000, 0x0000000084200000|  0%| F|  |TAMS 0x0000000084100000, 0x0000000084100000| Untracked 
|  34|0x0000000084200000, 0x0000000084200000, 0x0000000084300000|  0%| F|  |TAMS 0x0000000084200000, 0x0000000084200000| Untracked 
|  35|0x0000000084300000, 0x0000000084300000, 0x0000000084400000|  0%| F|  |TAMS 0x0000000084300000, 0x0000000084300000| Untracked 
|  36|0x0000000084400000, 0x0000000084400000, 0x0000000084500000|  0%| F|  |TAMS 0x0000000084400000, 0x0000000084400000| Untracked 
|  37|0x0000000084500000, 0x0000000084500000, 0x0000000084600000|  0%| F|  |TAMS 0x0000000084500000, 0x0000000084500000| Untracked 
|  38|0x0000000084600000, 0x0000000084600000, 0x0000000084700000|  0%| F|  |TAMS 0x0000000084600000, 0x0000000084600000| Untracked 
|  39|0x0000000084700000, 0x0000000084700000, 0x0000000084800000|  0%| F|  |TAMS 0x0000000084700000, 0x0000000084700000| Untracked 
|  40|0x0000000084800000, 0x0000000084800000, 0x0000000084900000|  0%| F|  |TAMS 0x0000000084800000, 0x0000000084800000| Untracked 
|  41|0x0000000084900000, 0x0000000084900000, 0x0000000084a00000|  0%| F|  |TAMS 0x0000000084900000, 0x0000000084900000| Untracked 
|  42|0x0000000084a00000, 0x0000000084a00000, 0x0000000084b00000|  0%| F|  |TAMS 0x0000000084a00000, 0x0000000084a00000| Untracked 
|  43|0x0000000084b00000, 0x0000000084b00000, 0x0000000084c00000|  0%| F|  |TAMS 0x0000000084b00000, 0x0000000084b00000| Untracked 
|  44|0x0000000084c00000, 0x0000000084c00000, 0x0000000084d00000|  0%| F|  |TAMS 0x0000000084c00000, 0x0000000084c00000| Untracked 
|  45|0x0000000084d00000, 0x0000000084d00000, 0x0000000084e00000|  0%| F|  |TAMS 0x0000000084d00000, 0x0000000084d00000| Untracked 
|  46|0x0000000084e00000, 0x0000000084e00000, 0x0000000084f00000|  0%| F|  |TAMS 0x0000000084e00000, 0x0000000084e00000| Untracked 
|  47|0x0000000084f00000, 0x0000000084f00000, 0x0000000085000000|  0%| F|  |TAMS 0x0000000084f00000, 0x0000000084f00000| Untracked 
|  48|0x0000000085000000, 0x0000000085000000, 0x0000000085100000|  0%| F|  |TAMS 0x0000000085000000, 0x0000000085000000| Untracked 
|  49|0x0000000085100000, 0x0000000085100000, 0x0000000085200000|  0%| F|  |TAMS 0x0000000085100000, 0x0000000085100000| Untracked 
|  50|0x0000000085200000, 0x0000000085200000, 0x0000000085300000|  0%| F|  |TAMS 0x0000000085200000, 0x0000000085200000| Untracked 
|  51|0x0000000085300000, 0x0000000085300000, 0x0000000085400000|  0%| F|  |TAMS 0x0000000085300000, 0x0000000085300000| Untracked 
|  52|0x0000000085400000, 0x0000000085400000, 0x0000000085500000|  0%| F|  |TAMS 0x0000000085400000, 0x0000000085400000| Untracked 
|  53|0x0000000085500000, 0x0000000085500000, 0x0000000085600000|  0%| F|  |TAMS 0x0000000085500000, 0x0000000085500000| Untracked 
|  54|0x0000000085600000, 0x0000000085600000, 0x0000000085700000|  0%| F|  |TAMS 0x0000000085600000, 0x0000000085600000| Untracked 
|  55|0x0000000085700000, 0x0000000085700000, 0x0000000085800000|  0%| F|  |TAMS 0x0000000085700000, 0x0000000085700000| Untracked 
|  56|0x0000000085800000, 0x0000000085800000, 0x0000000085900000|  0%| F|  |TAMS 0x0000000085800000, 0x0000000085800000| Untracked 
|  57|0x0000000085900000, 0x0000000085900000, 0x0000000085a00000|  0%| F|  |TAMS 0x0000000085900000, 0x0000000085900000| Untracked 
|  58|0x0000000085a00000, 0x0000000085a00000, 0x0000000085b00000|  0%| F|  |TAMS 0x0000000085a00000, 0x0000000085a00000| Untracked 
|  59|0x0000000085b00000, 0x0000000085b00000, 0x0000000085c00000|  0%| F|  |TAMS 0x0000000085b00000, 0x0000000085b00000| Untracked 
|  60|0x0000000085c00000, 0x0000000085c00000, 0x0000000085d00000|  0%| F|  |TAMS 0x0000000085c00000, 0x0000000085c00000| Untracked 
|  61|0x0000000085d00000, 0x0000000085d00000, 0x0000000085e00000|  0%| F|  |TAMS 0x0000000085d00000, 0x0000000085d00000| Untracked 
|  62|0x0000000085e00000, 0x0000000085e00000, 0x0000000085f00000|  0%| F|  |TAMS 0x0000000085e00000, 0x0000000085e00000| Untracked 
|  63|0x0000000085f00000, 0x0000000085f00000, 0x0000000086000000|  0%| F|  |TAMS 0x0000000085f00000, 0x0000000085f00000| Untracked 
|  64|0x0000000086000000, 0x0000000086000000, 0x0000000086100000|  0%| F|  |TAMS 0x0000000086000000, 0x0000000086000000| Untracked 
|  65|0x0000000086100000, 0x0000000086100000, 0x0000000086200000|  0%| F|  |TAMS 0x0000000086100000, 0x0000000086100000| Untracked 
|  66|0x0000000086200000, 0x0000000086200000, 0x0000000086300000|  0%| F|  |TAMS 0x0000000086200000, 0x0000000086200000| Untracked 
|  67|0x0000000086300000, 0x0000000086300000, 0x0000000086400000|  0%| F|  |TAMS 0x0000000086300000, 0x0000000086300000| Untracked 
|  68|0x0000000086400000, 0x0000000086400000, 0x0000000086500000|  0%| F|  |TAMS 0x0000000086400000, 0x0000000086400000| Untracked 
|  69|0x0000000086500000, 0x0000000086500000, 0x0000000086600000|  0%| F|  |TAMS 0x0000000086500000, 0x0000000086500000| Untracked 
|  70|0x0000000086600000, 0x0000000086600000, 0x0000000086700000|  0%| F|  |TAMS 0x0000000086600000, 0x0000000086600000| Untracked 
|  71|0x0000000086700000, 0x0000000086700000, 0x0000000086800000|  0%| F|  |TAMS 0x0000000086700000, 0x0000000086700000| Untracked 
|  72|0x0000000086800000, 0x0000000086800000, 0x0000000086900000|  0%| F|  |TAMS 0x0000000086800000, 0x0000000086800000| Untracked 
|  73|0x0000000086900000, 0x0000000086900000, 0x0000000086a00000|  0%| F|  |TAMS 0x0000000086900000, 0x0000000086900000| Untracked 
|  74|0x0000000086a00000, 0x0000000086a00000, 0x0000000086b00000|  0%| F|  |TAMS 0x0000000086a00000, 0x0000000086a00000| Untracked 
|  75|0x0000000086b00000, 0x0000000086b00000, 0x0000000086c00000|  0%| F|  |TAMS 0x0000000086b00000, 0x0000000086b00000| Untracked 
|  76|0x0000000086c00000, 0x0000000086c00000, 0x0000000086d00000|  0%| F|  |TAMS 0x0000000086c00000, 0x0000000086c00000| Untracked 
|  77|0x0000000086d00000, 0x0000000086d00000, 0x0000000086e00000|  0%| F|  |TAMS 0x0000000086d00000, 0x0000000086d00000| Untracked 
|  78|0x0000000086e00000, 0x0000000086e00000, 0x0000000086f00000|  0%| F|  |TAMS 0x0000000086e00000, 0x0000000086e00000| Untracked 
|  79|0x0000000086f00000, 0x0000000086f00000, 0x0000000087000000|  0%| F|  |TAMS 0x0000000086f00000, 0x0000000086f00000| Untracked 
|  80|0x0000000087000000, 0x0000000087000000, 0x0000000087100000|  0%| F|  |TAMS 0x0000000087000000, 0x0000000087000000| Untracked 
|  81|0x0000000087100000, 0x0000000087100000, 0x0000000087200000|  0%| F|  |TAMS 0x0000000087100000, 0x0000000087100000| Untracked 
|  82|0x0000000087200000, 0x0000000087200000, 0x0000000087300000|  0%| F|  |TAMS 0x0000000087200000, 0x0000000087200000| Untracked 
|  83|0x0000000087300000, 0x00000000873fd1a8, 0x0000000087400000| 98%| E|  |TAMS 0x0000000087300000, 0x0000000087300000| Complete 
|  84|0x0000000087400000, 0x0000000087500000, 0x0000000087500000|100%| E|CS|TAMS 0x0000000087400000, 0x0000000087400000| Complete 
|  85|0x0000000087500000, 0x0000000087600000, 0x0000000087600000|100%| E|CS|TAMS 0x0000000087500000, 0x0000000087500000| Complete 
|  86|0x0000000087600000, 0x0000000087700000, 0x0000000087700000|100%| E|CS|TAMS 0x0000000087600000, 0x0000000087600000| Complete 
|  87|0x0000000087700000, 0x0000000087800000, 0x0000000087800000|100%| E|CS|TAMS 0x0000000087700000, 0x0000000087700000| Complete 
|  88|0x0000000087800000, 0x0000000087900000, 0x0000000087900000|100%| E|CS|TAMS 0x0000000087800000, 0x0000000087800000| Complete 
|  89|0x0000000087900000, 0x0000000087a00000, 0x0000000087a00000|100%| E|CS|TAMS 0x0000000087900000, 0x0000000087900000| Complete 
|  90|0x0000000087a00000, 0x0000000087b00000, 0x0000000087b00000|100%| E|CS|TAMS 0x0000000087a00000, 0x0000000087a00000| Complete 
|  91|0x0000000087b00000, 0x0000000087c00000, 0x0000000087c00000|100%| E|CS|TAMS 0x0000000087b00000, 0x0000000087b00000| Complete 
|  92|0x0000000087c00000, 0x0000000087c43068, 0x0000000087d00000| 26%| S|CS|TAMS 0x0000000087c00000, 0x0000000087c00000| Complete 
|  93|0x0000000087d00000, 0x0000000087e00000, 0x0000000087e00000|100%| S|CS|TAMS 0x0000000087d00000, 0x0000000087d00000| Complete 
|  94|0x0000000087e00000, 0x0000000087f00000, 0x0000000087f00000|100%| S|CS|TAMS 0x0000000087e00000, 0x0000000087e00000| Complete 
|  95|0x0000000087f00000, 0x0000000088000000, 0x0000000088000000|100%| E|CS|TAMS 0x0000000087f00000, 0x0000000087f00000| Complete 
|  96|0x0000000088000000, 0x0000000088100000, 0x0000000088100000|100%| E|CS|TAMS 0x0000000088000000, 0x0000000088000000| Complete 
|  97|0x0000000088100000, 0x0000000088200000, 0x0000000088200000|100%| E|CS|TAMS 0x0000000088100000, 0x0000000088100000| Complete 
|  98|0x0000000088200000, 0x0000000088300000, 0x0000000088300000|100%| E|CS|TAMS 0x0000000088200000, 0x0000000088200000| Complete 
|  99|0x0000000088300000, 0x0000000088400000, 0x0000000088400000|100%| E|CS|TAMS 0x0000000088300000, 0x0000000088300000| Complete 
| 100|0x0000000088400000, 0x0000000088500000, 0x0000000088500000|100%| E|CS|TAMS 0x0000000088400000, 0x0000000088400000| Complete 
| 101|0x0000000088500000, 0x0000000088600000, 0x0000000088600000|100%| E|CS|TAMS 0x0000000088500000, 0x0000000088500000| Complete 
| 102|0x0000000088600000, 0x0000000088700000, 0x0000000088700000|100%| E|CS|TAMS 0x0000000088600000, 0x0000000088600000| Complete 
| 103|0x0000000088700000, 0x0000000088800000, 0x0000000088800000|100%| E|CS|TAMS 0x0000000088700000, 0x0000000088700000| Complete 
| 104|0x0000000088800000, 0x0000000088900000, 0x0000000088900000|100%| E|CS|TAMS 0x0000000088800000, 0x0000000088800000| Complete 
| 105|0x0000000088900000, 0x0000000088a00000, 0x0000000088a00000|100%| E|CS|TAMS 0x0000000088900000, 0x0000000088900000| Complete 
| 106|0x0000000088a00000, 0x0000000088b00000, 0x0000000088b00000|100%| E|CS|TAMS 0x0000000088a00000, 0x0000000088a00000| Complete 
| 107|0x0000000088b00000, 0x0000000088c00000, 0x0000000088c00000|100%| E|CS|TAMS 0x0000000088b00000, 0x0000000088b00000| Complete 
| 108|0x0000000088c00000, 0x0000000088d00000, 0x0000000088d00000|100%| E|CS|TAMS 0x0000000088c00000, 0x0000000088c00000| Complete 
| 109|0x0000000088d00000, 0x0000000088e00000, 0x0000000088e00000|100%| E|CS|TAMS 0x0000000088d00000, 0x0000000088d00000| Complete 
| 110|0x0000000088e00000, 0x0000000088f00000, 0x0000000088f00000|100%| E|CS|TAMS 0x0000000088e00000, 0x0000000088e00000| Complete 
| 111|0x0000000088f00000, 0x0000000089000000, 0x0000000089000000|100%| E|CS|TAMS 0x0000000088f00000, 0x0000000088f00000| Complete 
| 112|0x0000000089000000, 0x0000000089100000, 0x0000000089100000|100%| E|  |TAMS 0x0000000089000000, 0x0000000089000000| Complete 
| 113|0x0000000089100000, 0x0000000089200000, 0x0000000089200000|100%| E|CS|TAMS 0x0000000089100000, 0x0000000089100000| Complete 
| 114|0x0000000089200000, 0x0000000089300000, 0x0000000089300000|100%| E|CS|TAMS 0x0000000089200000, 0x0000000089200000| Complete 
| 115|0x0000000089300000, 0x0000000089400000, 0x0000000089400000|100%| E|CS|TAMS 0x0000000089300000, 0x0000000089300000| Complete 
| 116|0x0000000089400000, 0x0000000089500000, 0x0000000089500000|100%| E|CS|TAMS 0x0000000089400000, 0x0000000089400000| Complete 
| 117|0x0000000089500000, 0x0000000089600000, 0x0000000089600000|100%| E|CS|TAMS 0x0000000089500000, 0x0000000089500000| Complete 
| 118|0x0000000089600000, 0x0000000089700000, 0x0000000089700000|100%| E|CS|TAMS 0x0000000089600000, 0x0000000089600000| Complete 
| 119|0x0000000089700000, 0x0000000089800000, 0x0000000089800000|100%| E|CS|TAMS 0x0000000089700000, 0x0000000089700000| Complete 
| 120|0x0000000089800000, 0x0000000089900000, 0x0000000089900000|100%| E|CS|TAMS 0x0000000089800000, 0x0000000089800000| Complete 
| 121|0x0000000089900000, 0x0000000089a00000, 0x0000000089a00000|100%| E|CS|TAMS 0x0000000089900000, 0x0000000089900000| Complete 
| 122|0x0000000089a00000, 0x0000000089b00000, 0x0000000089b00000|100%| E|CS|TAMS 0x0000000089a00000, 0x0000000089a00000| Complete 
| 123|0x0000000089b00000, 0x0000000089c00000, 0x0000000089c00000|100%| E|CS|TAMS 0x0000000089b00000, 0x0000000089b00000| Complete 
| 124|0x0000000089c00000, 0x0000000089d00000, 0x0000000089d00000|100%| E|CS|TAMS 0x0000000089c00000, 0x0000000089c00000| Complete 
| 125|0x0000000089d00000, 0x0000000089e00000, 0x0000000089e00000|100%| E|CS|TAMS 0x0000000089d00000, 0x0000000089d00000| Complete 

Card table byte_map: [0x000001b656800000,0x000001b656bf0000] _byte_map_base: 0x000001b6563f0000

Marking Bits (Prev, Next): (CMBitMap*) 0x000001b63f238e60, (CMBitMap*) 0x000001b63f238ea0
 Prev Bits: [0x000001b656fe0000, 0x000001b658f60000)
 Next Bits: [0x000001b658f60000, 0x000001b65aee0000)

Polling page: 0x000001b63e840000

Metaspace:

Usage:
  Non-class:     17.82 MB used.
      Class:      2.47 MB used.
       Both:     20.30 MB used.

Virtual space:
  Non-class space:       64.00 MB reserved,      18.00 MB ( 28%) committed,  1 nodes.
      Class space:        1.00 GB reserved,       2.62 MB ( <1%) committed,  1 nodes.
             Both:        1.06 GB reserved,      20.62 MB (  2%) committed. 

Chunk freelists:
   Non-Class:  2.05 MB
       Class:  1.39 MB
        Both:  3.44 MB

MaxMetaspaceSize: unlimited
CompressedClassSpaceSize: 1.00 GB
Initial GC threshold: 21.00 MB
Current GC threshold: 21.00 MB
CDS: on
MetaspaceReclaimPolicy: balanced
 - commit_granule_bytes: 65536.
 - commit_granule_words: 8192.
 - virtual_space_node_default_size: 8388608.
 - enlarge_chunks_in_place: 1.
 - new_chunks_are_fully_committed: 0.
 - uncommit_free_chunks: 1.
 - use_allocation_guard: 0.


Internal statistics:

num_allocs_failed_limit: 0.
num_arena_births: 302.
num_arena_deaths: 0.
num_vsnodes_births: 2.
num_vsnodes_deaths: 0.
num_space_committed: 330.
num_space_uncommitted: 0.
num_chunks_returned_to_freelist: 0.
num_chunks_taken_from_freelist: 991.
num_chunk_merges: 0.
num_chunk_splits: 690.
num_chunks_enlarged: 545.
num_inconsistent_stats: 0.

CodeHeap 'non-profiled nmethods': size=120000Kb used=1158Kb max_used=1158Kb free=118841Kb
 bounds [0x000001b64ebb0000, 0x000001b64ee20000, 0x000001b6560e0000]
CodeHeap 'profiled nmethods': size=120000Kb used=5700Kb max_used=5700Kb free=114299Kb
 bounds [0x000001b6470e0000, 0x000001b647680000, 0x000001b64e610000]
CodeHeap 'non-nmethods': size=5760Kb used=1287Kb max_used=1364Kb free=4473Kb
 bounds [0x000001b64e610000, 0x000001b64e880000, 0x000001b64ebb0000]
 total_blobs=3327 nmethods=2824 adapters=413
 compilation: enabled
              stopped_count=0, restarted_count=0
 full_count=0

Compilation events (20 events):
Event: 5.358 Thread 0x000001b661c2a2b0 2727       3       java.util.stream.ReferencePipeline$3::opWrapSink (10 bytes)
Event: 5.359 Thread 0x000001b661c2a2b0 nmethod 2727 0x000001b64761ea90 code [0x000001b64761ec80, 0x000001b64761f248]
Event: 5.359 Thread 0x000001b661c2a2b0 2728       3       java.util.stream.ReferencePipeline$3$1::<init> (11 bytes)
Event: 5.360 Thread 0x000001b661c2a2b0 nmethod 2728 0x000001b64761f410 code [0x000001b64761f5e0, 0x000001b64761fae8]
Event: 5.360 Thread 0x000001b661c2a2b0 2730       3       java.lang.Class::arrayContentsEq (70 bytes)
Event: 5.361 Thread 0x000001b661c2a2b0 nmethod 2730 0x000001b64761fc90 code [0x000001b64761fe60, 0x000001b6476202d8]
Event: 5.361 Thread 0x000001b661c2a2b0 2731       3       java.lang.Class::getConstructor0 (83 bytes)
Event: 5.364 Thread 0x000001b661c2a2b0 nmethod 2731 0x000001b647620410 code [0x000001b6476206a0, 0x000001b647621118]
Event: 5.364 Thread 0x000001b661c2a2b0 2729       3       java.util.stream.Sink$ChainedReference::begin (11 bytes)
Event: 5.364 Thread 0x000001b661c2a2b0 nmethod 2729 0x000001b647621610 code [0x000001b6476217c0, 0x000001b647621988]
Event: 5.364 Thread 0x000001b661c2a2b0 2732       3       org.springframework.util.ObjectUtils::isEmpty (15 bytes)
Event: 5.365 Thread 0x000001b661c2a2b0 nmethod 2732 0x000001b647621a90 code [0x000001b647621c20, 0x000001b647621db8]
Event: 5.367 Thread 0x000001b661c2a2b0 2733       3       java.lang.Long::numberOfTrailingZeros (26 bytes)
Event: 5.368 Thread 0x000001b661c2a2b0 nmethod 2733 0x000001b647621e90 code [0x000001b647622040, 0x000001b6476221f8]
Event: 5.369 Thread 0x000001b661c2a2b0 2734       3       org.springframework.core.type.classreading.SimpleAnnotationMetadataReadingVisitor::visitInnerClass (81 bytes)
Event: 5.371 Thread 0x000001b661c2a2b0 nmethod 2734 0x000001b647622290 code [0x000001b647622500, 0x000001b647622e28]
Event: 5.371 Thread 0x000001b661c2a2b0 2735   !   3       org.springframework.context.annotation.ConfigurationClassParser$SourceClass::getRelated (100 bytes)
Event: 5.373 Thread 0x000001b661c2a2b0 nmethod 2735 0x000001b647623210 code [0x000001b6476234a0, 0x000001b647623ef8]
Event: 5.373 Thread 0x000001b661c2a2b0 2736       3       java.util.RegularEnumSet$EnumSetIterator::next (60 bytes)
Event: 5.374 Thread 0x000001b661c2a2b0 nmethod 2736 0x000001b647624310 code [0x000001b6476244e0, 0x000001b647624798]

GC Heap History (4 events):
Event: 1.984 GC heap before
{Heap before GC invocations=0 (full 0):
 garbage-first heap   total 129024K, used 23552K [0x0000000082000000, 0x0000000100000000)
  region size 1024K, 23 young (23552K), 0 survivors (0K)
 Metaspace       used 6119K, committed 6336K, reserved 1114112K
  class space    used 666K, committed 768K, reserved 1048576K
}
Event: 1.993 GC heap after
{Heap after GC invocations=1 (full 0):
 garbage-first heap   total 129024K, used 7439K [0x0000000082000000, 0x0000000100000000)
  region size 1024K, 3 young (3072K), 3 survivors (3072K)
 Metaspace       used 6119K, committed 6336K, reserved 1114112K
  class space    used 666K, committed 768K, reserved 1048576K
}
Event: 3.229 GC heap before
{Heap before GC invocations=1 (full 0):
 garbage-first heap   total 129024K, used 35087K [0x0000000082000000, 0x0000000100000000)
  region size 1024K, 31 young (31744K), 3 survivors (3072K)
 Metaspace       used 13195K, committed 13504K, reserved 1114112K
  class space    used 1673K, committed 1792K, reserved 1048576K
}
Event: 3.239 GC heap after
{Heap after GC invocations=2 (full 0):
 garbage-first heap   total 129024K, used 9855K [0x0000000082000000, 0x0000000100000000)
  region size 1024K, 3 young (3072K), 3 survivors (3072K)
 Metaspace       used 13195K, committed 13504K, reserved 1114112K
  class space    used 1673K, committed 1792K, reserved 1048576K
}

Dll operation events (13 events):
Event: 0.037 Loaded shared library C:\Program Files\Java\jdk-19\bin\java.dll
Event: 0.068 Loaded shared library C:\Program Files\Java\jdk-19\bin\jsvml.dll
Event: 0.408 Loaded shared library C:\Program Files\Java\jdk-19\bin\zip.dll
Event: 0.417 Loaded shared library C:\Program Files\Java\jdk-19\bin\instrument.dll
Event: 0.435 Loaded shared library C:\Program Files\Java\jdk-19\bin\net.dll
Event: 0.441 Loaded shared library C:\Program Files\Java\jdk-19\bin\nio.dll
Event: 0.449 Loaded shared library C:\Program Files\Java\jdk-19\bin\zip.dll
Event: 0.859 Loaded shared library C:\Program Files\JetBrains\IntelliJ IDEA Community Edition 2022.3\bin\breakgen64.dll
Event: 0.885 Loaded shared library C:\Program Files\Java\jdk-19\bin\extnet.dll
Event: 0.964 Loaded shared library C:\Program Files\Java\jdk-19\bin\jimage.dll
Event: 1.612 Loaded shared library C:\Program Files\Java\jdk-19\bin\management.dll
Event: 1.619 Loaded shared library C:\Program Files\Java\jdk-19\bin\management_ext.dll
Event: 2.863 Loaded shared library C:\Program Files\Java\jdk-19\bin\verify.dll

Deoptimization events (20 events):
Event: 4.962 Thread 0x000001b661c1e2a0 DEOPT PACKING pc=0x000001b64ec80be8 sp=0x0000003e5a8fe6d0
Event: 4.962 Thread 0x000001b661c1e2a0 DEOPT UNPACKING pc=0x000001b64e676da3 sp=0x0000003e5a8fe588 mode 2
Event: 5.121 Thread 0x000001b661c1e2a0 Uncommon trap: trap_request=0xffffff45 fr.pc=0x000001b64ecaf4b8 relative=0x0000000000000c58
Event: 5.121 Thread 0x000001b661c1e2a0 Uncommon trap: reason=unstable_if action=reinterpret pc=0x000001b64ecaf4b8 method=jdk.internal.jimage.ImageStringsReader.stringFromByteBufferMatches(Ljava/nio/ByteBuffer;ILjava/lang/String;I)I @ 48 c2
Event: 5.122 Thread 0x000001b661c1e2a0 DEOPT PACKING pc=0x000001b64ecaf4b8 sp=0x0000003e5a8fd910
Event: 5.122 Thread 0x000001b661c1e2a0 DEOPT UNPACKING pc=0x000001b64e676da3 sp=0x0000003e5a8fd648 mode 2
Event: 5.139 Thread 0x000001b661c1e2a0 Uncommon trap: trap_request=0xffffffc6 fr.pc=0x000001b64ec42728 relative=0x0000000000000348
Event: 5.139 Thread 0x000001b661c1e2a0 Uncommon trap: reason=bimorphic_or_optimized_type_check action=maybe_recompile pc=0x000001b64ec42728 method=java.util.HashMap.getNode(Ljava/lang/Object;)Ljava/util/HashMap$Node; @ 128 c2
Event: 5.139 Thread 0x000001b661c1e2a0 DEOPT PACKING pc=0x000001b64ec42728 sp=0x0000003e5a8fe820
Event: 5.139 Thread 0x000001b661c1e2a0 DEOPT UNPACKING pc=0x000001b64e676da3 sp=0x0000003e5a8fe738 mode 2
Event: 5.184 Thread 0x000001b661c1e2a0 Uncommon trap: trap_request=0xffffff45 fr.pc=0x000001b64ecba8b8 relative=0x00000000000009d8
Event: 5.184 Thread 0x000001b661c1e2a0 Uncommon trap: reason=unstable_if action=reinterpret pc=0x000001b64ecba8b8 method=org.springframework.asm.ClassReader.readUTF8(I[C)Ljava/lang/String; @ 11 c2
Event: 5.184 Thread 0x000001b661c1e2a0 DEOPT PACKING pc=0x000001b64ecba8b8 sp=0x0000003e5a8fe5c0
Event: 5.184 Thread 0x000001b661c1e2a0 DEOPT UNPACKING pc=0x000001b64e676da3 sp=0x0000003e5a8fe5a8 mode 2
Event: 5.267 Thread 0x000001b661c1e2a0 Uncommon trap: trap_request=0xffffff45 fr.pc=0x000001b64ec93f60 relative=0x0000000000005ec0
Event: 5.267 Thread 0x000001b661c1e2a0 Uncommon trap: reason=unstable_if action=reinterpret pc=0x000001b64ec93f60 method=jdk.internal.loader.BuiltinClassLoader.loadClassOrNull(Ljava/lang/String;Z)Ljava/lang/Class; @ 42 c2
Event: 5.267 Thread 0x000001b661c1e2a0 DEOPT PACKING pc=0x000001b64ec93f60 sp=0x0000003e5a8f9da0
Event: 5.267 Thread 0x000001b661c1e2a0 DEOPT UNPACKING pc=0x000001b64e676da3 sp=0x0000003e5a8f9cc8 mode 2
Event: 5.310 Thread 0x000001b661c1e2a0 DEOPT PACKING pc=0x000001b647130e41 sp=0x0000003e5a8fdbd0
Event: 5.310 Thread 0x000001b661c1e2a0 DEOPT UNPACKING pc=0x000001b64e677543 sp=0x0000003e5a8fd0d0 mode 0

Classes loaded (20 events):
Event: 4.214 Loading class sun/nio/fs/WindowsPath$WindowsPathWithAttributes
Event: 4.215 Loading class sun/nio/fs/BasicFileAttributesHolder
Event: 4.215 Loading class sun/nio/fs/BasicFileAttributesHolder done
Event: 4.215 Loading class sun/nio/fs/WindowsPath$WindowsPathWithAttributes done
Event: 4.215 Loading class java/util/StringTokenizer
Event: 4.215 Loading class java/util/StringTokenizer done
Event: 4.217 Loading class java/util/regex/Pattern$LazyLoop
Event: 4.217 Loading class java/util/regex/Pattern$Loop
Event: 4.217 Loading class java/util/regex/Pattern$Loop done
Event: 4.217 Loading class java/util/regex/Pattern$LazyLoop done
Event: 4.217 Loading class java/util/regex/Pattern$Prolog
Event: 4.217 Loading class java/util/regex/Pattern$Prolog done
Event: 4.756 Loading class javax/naming/ldap/LdapContext
Event: 4.756 Loading class javax/naming/directory/DirContext
Event: 4.757 Loading class javax/naming/directory/DirContext done
Event: 4.757 Loading class javax/naming/ldap/LdapContext done
Event: 5.295 Loading class java/beans/PropertyVetoException
Event: 5.295 Loading class java/beans/PropertyVetoException done
Event: 5.337 Loading class java/nio/charset/CharacterCodingException
Event: 5.337 Loading class java/nio/charset/CharacterCodingException done

Classes unloaded (0 events):
No events

Classes redefined (0 events):
No events

Internal exceptions (20 events):
Event: 2.567 Thread 0x000001b661c1e2a0 Exception <a 'java/lang/NoSuchMethodError'{0x00000000893694d0}: 'void java.lang.invoke.DirectMethodHandle$Holder.invokeSpecial(java.lang.Object, java.lang.Object, java.lang.Object, java.lang.Object, java.lang.Object)'> (0x00000000893694d0) 
thrown [s\open\src\hotspot\share\interpreter\linkResolver.cpp, line 774]
Event: 2.590 Thread 0x000001b661c1e2a0 Exception <a 'java/lang/NoSuchMethodError'{0x00000000893fb268}: 'java.lang.reflect.Field[] java.lang.Class.getDeclaredFields(java.lang.Class)'> (0x00000000893fb268) 
thrown [s\open\src\hotspot\share\interpreter\linkResolver.cpp, line 774]
Event: 2.593 Thread 0x000001b661c1e2a0 Exception <a 'java/lang/NoSuchMethodError'{0x00000000893ffcc0}: 'java.lang.Object java.lang.invoke.DirectMethodHandle$Holder.invokeStatic(java.lang.Object, java.lang.Object, int)'> (0x00000000893ffcc0) 
thrown [s\open\src\hotspot\share\interpreter\linkResolver.cpp, line 774]
Event: 2.595 Thread 0x000001b661c1e2a0 Exception <a 'java/lang/NoSuchMethodError'{0x000000008922f930}: 'void java.lang.invoke.DelegatingMethodHandle$Holder.delegate(java.lang.Object, java.lang.Object, int, java.lang.Object)'> (0x000000008922f930) 
thrown [s\open\src\hotspot\share\interpreter\linkResolver.cpp, line 774]
Event: 2.684 Thread 0x000001b661c1e2a0 Exception <a 'java/lang/NoSuchMethodError'{0x0000000089088ce8}: 'void java.lang.invoke.DirectMethodHandle$Holder.invokeVirtual(java.lang.Object, java.lang.Object, int)'> (0x0000000089088ce8) 
thrown [s\open\src\hotspot\share\interpreter\linkResolver.cpp, line 774]
Event: 2.686 Thread 0x000001b661c1e2a0 Exception <a 'java/lang/NoSuchMethodError'{0x000000008908d428}: 'int java.lang.invoke.DirectMethodHandle$Holder.invokeSpecial(java.lang.Object, java.lang.Object, java.lang.Object, int)'> (0x000000008908d428) 
thrown [s\open\src\hotspot\share\interpreter\linkResolver.cpp, line 774]
Event: 2.691 Thread 0x000001b661c1e2a0 Exception <a 'java/lang/NoSuchMethodError'{0x000000008909f4a8}: 'java.lang.Object java.lang.invoke.DirectMethodHandle$Holder.invokeStatic(java.lang.Object, java.lang.Object, java.lang.Object, java.lang.Object, int)'> (0x000000008909f4a8) 
thrown [s\open\src\hotspot\share\interpreter\linkResolver.cpp, line 774]
Event: 2.693 Thread 0x000001b661c1e2a0 Exception <a 'java/lang/NoSuchMethodError'{0x00000000890aa808}: 'void java.lang.invoke.DelegatingMethodHandle$Holder.reinvoke_L(java.lang.Object, java.lang.Object, int)'> (0x00000000890aa808) 
thrown [s\open\src\hotspot\share\interpreter\linkResolver.cpp, line 774]
Event: 2.707 Thread 0x000001b661c1e2a0 Exception <a 'java/lang/IncompatibleClassChangeError'{0x0000000088f39438}: Found class java.lang.Object, but interface was expected> (0x0000000088f39438) 
thrown [s\open\src\hotspot\share\interpreter\linkResolver.cpp, line 841]
Event: 2.926 Thread 0x000001b661c1e2a0 Exception <a 'java/lang/NoSuchMethodError'{0x000000008884d2f8}: 'int java.lang.invoke.Invokers$Holder.invokeExact_MT(java.lang.Object, java.lang.Object)'> (0x000000008884d2f8) 
thrown [s\open\src\hotspot\share\interpreter\linkResolver.cpp, line 774]
Event: 3.822 Thread 0x000001b661c1e7f0 Exception <a 'java/lang/NoSuchMethodError'{0x0000000088f140f0}: 'long java.lang.invoke.DirectMethodHandle$Holder.invokeSpecial(java.lang.Object, java.lang.Object)'> (0x0000000088f140f0) 
thrown [s\open\src\hotspot\share\interpreter\linkResolver.cpp, line 774]
Event: 3.826 Thread 0x000001b661c1e7f0 Exception <a 'java/lang/NoSuchMethodError'{0x0000000088f1f460}: 'long java.lang.invoke.DirectMethodHandle$Holder.invokeStatic(java.lang.Object, java.lang.Object)'> (0x0000000088f1f460) 
thrown [s\open\src\hotspot\share\interpreter\linkResolver.cpp, line 774]
Event: 3.826 Thread 0x000001b661c1e7f0 Exception <a 'java/lang/NoSuchMethodError'{0x0000000088f22a68}: 'long java.lang.invoke.DirectMethodHandle$Holder.invokeStaticInit(java.lang.Object, java.lang.Object)'> (0x0000000088f22a68) 
thrown [s\open\src\hotspot\share\interpreter\linkResolver.cpp, line 774]
Event: 3.830 Thread 0x000001b661c1e7f0 Exception <a 'java/lang/NoSuchMethodError'{0x0000000088f30238}: 'long java.lang.invoke.DirectMethodHandle$Holder.invokeInterface(java.lang.Object, java.lang.Object)'> (0x0000000088f30238) 
thrown [s\open\src\hotspot\share\interpreter\linkResolver.cpp, line 774]
Event: 3.831 Thread 0x000001b661c1e7f0 Exception <a 'java/lang/IncompatibleClassChangeError'{0x0000000088f337d0}: Found class java.lang.Object, but interface was expected> (0x0000000088f337d0) 
thrown [s\open\src\hotspot\share\interpreter\linkResolver.cpp, line 841]
Event: 3.853 Thread 0x000001b661c1e7f0 Exception <a 'java/lang/NoSuchMethodError'{0x0000000088f95118}: 'java.lang.Object java.lang.invoke.DirectMethodHandle$Holder.invokeVirtual(java.lang.Object, java.lang.Object, java.lang.Object, java.lang.Object)'> (0x0000000088f95118) 
thrown [s\open\src\hotspot\share\interpreter\linkResolver.cpp, line 774]
Event: 4.208 Thread 0x000001b661c1e2a0 Exception <a 'java/lang/NoSuchMethodError'{0x0000000088cc4e48}: 'int java.lang.invoke.DirectMethodHandle$Holder.invokeSpecial(java.lang.Object, java.lang.Object, java.lang.Object, java.lang.Object, java.lang.Object)'> (0x0000000088cc4e48) 
thrown [s\open\src\hotspot\share\interpreter\linkResolver.cpp, line 774]
Event: 4.211 Thread 0x000001b661c1e2a0 Exception <a 'java/lang/NoSuchMethodError'{0x0000000088ccdd10}: 'void java.lang.invoke.DirectMethodHandle$Holder.invokeVirtual(java.lang.Object, java.lang.Object)'> (0x0000000088ccdd10) 
thrown [s\open\src\hotspot\share\interpreter\linkResolver.cpp, line 774]
Event: 4.834 Thread 0x000001b661c1e2a0 Exception <a 'java/lang/IncompatibleClassChangeError'{0x0000000088209850}: Found class java.lang.Object, but interface was expected> (0x0000000088209850) 
thrown [s\open\src\hotspot\share\interpreter\linkResolver.cpp, line 841]
Event: 4.895 Thread 0x000001b661c1e2a0 Exception <a 'java/lang/NoSuchMethodError'{0x000000008813e200}: 'void java.lang.invoke.DirectMethodHandle$Holder.invokeInterface(java.lang.Object, java.lang.Object, java.lang.Object, java.lang.Object)'> (0x000000008813e200) 
thrown [s\open\src\hotspot\share\interpreter\linkResolver.cpp, line 774]

VM Operations (20 events):
Event: 2.554 Executing VM operation: HandshakeAllThreads
Event: 2.554 Executing VM operation: HandshakeAllThreads done
Event: 2.561 Executing VM operation: HandshakeAllThreads
Event: 2.561 Executing VM operation: HandshakeAllThreads done
Event: 2.562 Executing VM operation: HandshakeAllThreads
Event: 2.562 Executing VM operation: HandshakeAllThreads done
Event: 2.592 Executing VM operation: HandshakeAllThreads
Event: 2.592 Executing VM operation: HandshakeAllThreads done
Event: 2.784 Executing VM operation: ICBufferFull
Event: 2.785 Executing VM operation: ICBufferFull done
Event: 3.229 Executing VM operation: G1CollectForAllocation
Event: 3.239 Executing VM operation: G1CollectForAllocation done
Event: 3.506 Executing VM operation: HandshakeAllThreads
Event: 3.506 Executing VM operation: HandshakeAllThreads done
Event: 4.100 Executing VM operation: HandshakeAllThreads
Event: 4.100 Executing VM operation: HandshakeAllThreads done
Event: 4.189 Executing VM operation: HandshakeAllThreads
Event: 4.189 Executing VM operation: HandshakeAllThreads done
Event: 4.900 Executing VM operation: ICBufferFull
Event: 4.900 Executing VM operation: ICBufferFull done

Events (20 events):
Event: 0.109 Thread 0x000001b661c25930 Thread added: 0x000001b661c25930
Event: 0.109 Thread 0x000001b661c2a2b0 Thread added: 0x000001b661c2a2b0
Event: 0.109 Thread 0x000001b661c20d20 Thread added: 0x000001b661c20d20
Event: 0.361 Thread 0x000001b661c1f7e0 Thread added: 0x000001b661c1f7e0
Event: 0.531 Thread 0x000001b661ee44d0 Thread added: 0x000001b661ee44d0
Event: 0.815 Thread 0x000001b661ee44d0 Thread exited: 0x000001b661ee44d0
Event: 0.861 Thread 0x000001b661c1ed40 Thread added: 0x000001b661c1ed40
Event: 0.861 Thread 0x000001b661c1dd50 Thread added: 0x000001b661c1dd50
Event: 1.066 Thread 0x000001b662205f40 Thread added: 0x000001b662205f40
Event: 1.633 Thread 0x000001b662205f40 Thread exited: 0x000001b662205f40
Event: 1.726 Thread 0x000001b6623102e0 Thread added: 0x000001b6623102e0
Event: 1.755 Thread 0x000001b661c1fd30 Thread added: 0x000001b661c1fd30
Event: 1.761 Thread 0x000001b661c1e2a0 Thread added: 0x000001b661c1e2a0
Event: 2.572 Thread 0x000001b661c1e7f0 Thread added: 0x000001b661c1e7f0
Event: 3.858 Thread 0x000001b661c1e7f0 Thread exited: 0x000001b661c1e7f0
Event: 4.060 Thread 0x000001b6623102e0 Thread exited: 0x000001b6623102e0
Event: 4.218 Thread 0x000001b6637c8af0 Thread added: 0x000001b6637c8af0
Event: 4.690 Thread 0x000001b661c1e7f0 Thread added: 0x000001b661c1e7f0
Event: 4.714 Thread 0x000001b66324f100 Thread added: 0x000001b66324f100
Event: 4.818 Thread 0x000001b661c1e7f0 Thread exited: 0x000001b661c1e7f0


Dynamic libraries:
0x00007ff7524c0000 - 0x00007ff7524d0000 	C:\Program Files\Java\jdk-19\bin\java.exe
0x00007ff825f50000 - 0x00007ff826164000 	C:\WINDOWS\SYSTEM32\ntdll.dll
0x00007ff8249b0000 - 0x00007ff824a72000 	C:\WINDOWS\System32\KERNEL32.DLL
0x00007ff8235d0000 - 0x00007ff82396c000 	C:\WINDOWS\System32\KERNELBASE.dll
0x00007ff8234b0000 - 0x00007ff8235c1000 	C:\WINDOWS\System32\ucrtbase.dll
0x00007ff804a40000 - 0x00007ff804a58000 	C:\Program Files\Java\jdk-19\bin\jli.dll
0x00007ff825e30000 - 0x00007ff825ede000 	C:\WINDOWS\System32\ADVAPI32.dll
0x00007ff824570000 - 0x00007ff824617000 	C:\WINDOWS\System32\msvcrt.dll
0x00007ff824620000 - 0x00007ff8246c4000 	C:\WINDOWS\System32\sechost.dll
0x00007ff8251d0000 - 0x00007ff8252e7000 	C:\WINDOWS\System32\RPCRT4.dll
0x00007ff824800000 - 0x00007ff8249ab000 	C:\WINDOWS\System32\USER32.dll
0x00007ff823a10000 - 0x00007ff823a36000 	C:\WINDOWS\System32\win32u.dll
0x00007ff8251a0000 - 0x00007ff8251c9000 	C:\WINDOWS\System32\GDI32.dll
0x00007ff823390000 - 0x00007ff8234a3000 	C:\WINDOWS\System32\gdi32full.dll
0x00007ff823970000 - 0x00007ff823a0a000 	C:\WINDOWS\System32\msvcp_win.dll
0x00007ff802650000 - 0x00007ff80266b000 	C:\Program Files\Java\jdk-19\bin\VCRUNTIME140.dll
0x00007ff804280000 - 0x00007ff80450e000 	C:\WINDOWS\WinSxS\amd64_microsoft.windows.common-controls_6595b64144ccf1df_6.0.22621.608_none_a9444ca7c10bb01d\COMCTL32.dll
0x00007ff81c510000 - 0x00007ff81c51a000 	C:\WINDOWS\SYSTEM32\VERSION.dll
0x00007ff823f60000 - 0x00007ff823f91000 	C:\WINDOWS\System32\IMM32.DLL
0x00007ff80a550000 - 0x00007ff80a658000 	C:\Program Files (x86)\Citrix\ICA Client\epclient64.dll
0x00007ff822400000 - 0x00007ff822434000 	C:\WINDOWS\SYSTEM32\ntmarta.dll
0x00007ff822c70000 - 0x00007ff822c98000 	C:\WINDOWS\SYSTEM32\bcrypt.dll
0x0000000068000000 - 0x0000000068072000 	C:\WINDOWS\System32\QIPCAP64.dll
0x00007ff825640000 - 0x00007ff825e30000 	C:\WINDOWS\System32\SHELL32.dll
0x00007ff821f30000 - 0x00007ff822023000 	C:\WINDOWS\SYSTEM32\DNSAPI.dll
0x00007ff821ec0000 - 0x00007ff821eed000 	C:\WINDOWS\SYSTEM32\IPHLPAPI.DLL
0x00007ff8246d0000 - 0x00007ff8246d9000 	C:\WINDOWS\System32\NSI.dll
0x000001b63e6f0000 - 0x000001b63e76b000 	C:\WINDOWS\System32\bcryptprimitives.dll
0x00007ff80c660000 - 0x00007ff80c66c000 	C:\Program Files\Java\jdk-19\bin\vcruntime140_1.dll
0x00007ffff6470000 - 0x00007ffff64fe000 	C:\Program Files\Java\jdk-19\bin\msvcp140.dll
0x00007fffa6e00000 - 0x00007fffa7ac0000 	C:\Program Files\Java\jdk-19\bin\server\jvm.dll
0x00007ff80c390000 - 0x00007ff80c399000 	C:\WINDOWS\SYSTEM32\WSOCK32.dll
0x000001b63e770000 - 0x000001b63e7e1000 	C:\WINDOWS\System32\WS2_32.dll
0x00007ff81cc00000 - 0x00007ff81cc34000 	C:\WINDOWS\SYSTEM32\WINMM.dll
0x00007ff8223e0000 - 0x00007ff8223f8000 	C:\WINDOWS\SYSTEM32\kernel.appcore.dll
0x00007ff80c560000 - 0x00007ff80c56a000 	C:\Program Files\Java\jdk-19\bin\jimage.dll
0x00007ff820d70000 - 0x00007ff820f9e000 	C:\WINDOWS\SYSTEM32\DBGHELP.DLL
0x00007ff824160000 - 0x00007ff8244e9000 	C:\WINDOWS\System32\combase.dll
0x00007ff823d60000 - 0x00007ff823e37000 	C:\WINDOWS\System32\OLEAUT32.dll
0x00007ff814f90000 - 0x00007ff814fc2000 	C:\WINDOWS\SYSTEM32\dbgcore.DLL
0x00007ff81da80000 - 0x00007ff81da8e000 	C:\Program Files\Java\jdk-19\bin\instrument.dll
0x00007ff800c30000 - 0x00007ff800c56000 	C:\Program Files\Java\jdk-19\bin\java.dll
0x00007fffd8180000 - 0x00007fffd8257000 	C:\Program Files\Java\jdk-19\bin\jsvml.dll
0x00007ff8213a0000 - 0x00007ff821c6d000 	C:\WINDOWS\SYSTEM32\windows.storage.dll
0x00007ff821260000 - 0x00007ff82139e000 	C:\WINDOWS\SYSTEM32\wintypes.dll
0x000001b65da80000 - 0x000001b65db71000 	C:\WINDOWS\System32\SHCORE.dll
0x00007ff825000000 - 0x00007ff82505e000 	C:\WINDOWS\System32\shlwapi.dll
0x00007ff8232c0000 - 0x00007ff8232e1000 	C:\WINDOWS\SYSTEM32\profapi.dll
0x00007fffff990000 - 0x00007fffff9a8000 	C:\Program Files\Java\jdk-19\bin\zip.dll
0x00007ff800670000 - 0x00007ff800683000 	C:\Program Files\Java\jdk-19\bin\net.dll
0x00007ff81c320000 - 0x00007ff81c457000 	C:\WINDOWS\SYSTEM32\WINHTTP.dll
0x00007ff822850000 - 0x00007ff8228b9000 	C:\WINDOWS\system32\mswsock.dll
0x00007ff800070000 - 0x00007ff800086000 	C:\Program Files\Java\jdk-19\bin\nio.dll
0x00007ff8143d0000 - 0x00007ff8143ea000 	C:\Program Files\JetBrains\IntelliJ IDEA Community Edition 2022.3\bin\breakgen64.dll
0x00007ff80c4d0000 - 0x00007ff80c4d8000 	C:\Program Files\Java\jdk-19\bin\extnet.dll
0x00007ff81d870000 - 0x00007ff81d87a000 	C:\Program Files\Java\jdk-19\bin\management.dll
0x00007ff81d520000 - 0x00007ff81d52b000 	C:\Program Files\Java\jdk-19\bin\management_ext.dll
0x00007ff825ee0000 - 0x00007ff825ee8000 	C:\WINDOWS\System32\PSAPI.DLL
0x00007ff804b10000 - 0x00007ff804b20000 	C:\Program Files\Java\jdk-19\bin\verify.dll

dbghelp: loaded successfully - version: 4.0.5 - missing functions: none
symbol engine: initialized successfully - sym options: 0x614 - pdb path: .;C:\Program Files\Java\jdk-19\bin;C:\WINDOWS\SYSTEM32;C:\WINDOWS\WinSxS\amd64_microsoft.windows.common-controls_6595b64144ccf1df_6.0.22621.608_none_a9444ca7c10bb01d;C:\Program Files (x86)\Citrix\ICA Client;C:\Program Files\Java\jdk-19\bin\server;C:\Program Files\JetBrains\IntelliJ IDEA Community Edition 2022.3\bin

VM Arguments:
jvm_args: -javaagent:C:\Program Files\JetBrains\IntelliJ IDEA Community Edition 2022.3\lib\idea_rt.jar=51369:C:\Program Files\JetBrains\IntelliJ IDEA Community Edition 2022.3\bin -Dfile.encoding=UTF-8 -Dsun.stdout.encoding=UTF-8 -Dsun.stderr.encoding=UTF-8 
java_command: com.blog.apis.BlogApplicationApisApplication
java_class_path (initial): H:\Java Spring Project\BlogApplicationApis\target\classes;C:\Users\Fragma\.m2\repository\org\springframework\boot\spring-boot-starter-data-jpa\3.0.5\spring-boot-starter-data-jpa-3.0.5.jar;C:\Users\Fragma\.m2\repository\org\springframework\boot\spring-boot-starter-aop\3.0.5\spring-boot-starter-aop-3.0.5.jar;C:\Users\Fragma\.m2\repository\org\aspectj\aspectjweaver\1.9.19\aspectjweaver-1.9.19.jar;C:\Users\Fragma\.m2\repository\org\springframework\boot\spring-boot-starter-jdbc\3.0.5\spring-boot-starter-jdbc-3.0.5.jar;C:\Users\Fragma\.m2\repository\com\zaxxer\HikariCP\5.0.1\HikariCP-5.0.1.jar;C:\Users\Fragma\.m2\repository\org\springframework\spring-jdbc\6.0.7\spring-jdbc-6.0.7.jar;C:\Users\Fragma\.m2\repository\org\hibernate\orm\hibernate-core\6.1.7.Final\hibernate-core-6.1.7.Final.jar;C:\Users\Fragma\.m2\repository\jakarta\persistence\jakarta.persistence-api\3.1.0\jakarta.persistence-api-3.1.0.jar;C:\Users\Fragma\.m2\repository\jakarta\transaction\jakarta.transaction-api\2.0.1\jakarta.transaction-api-2.0.1.jar;C:\Users\Fragma\.m2\repository\org\jboss\logging\jboss-logging\3.5.0.Final\jboss-logging-3.5.0.Final.jar;C:\Users\Fragma\.m2\repository\org\hibernate\common\hibernate-commons-annotations\6.0.6.Final\hibernate-commons-annotations-6.0.6.Final.jar;C:\Users\Fragma\.m2\repository\org\jboss\jandex\2.4.2.Final\jandex-2.4.2.Final.jar;C:\Users\Fragma\.m2\repository\com\fasterxml\classmate\1.5.1\classmate-1.5.1.jar;C:\Users\Fragma\.m2\repository\net\bytebuddy\byte-buddy\1.12.23\byte-buddy-1.12.23.jar;C:\Users\Fragma\.m2\repository\org\glassfish\jaxb\jaxb-runtime\4.0.2\jaxb-runtime-4.0.2.jar;C:\Users\Fragma\.m2\repository\org\glassfish\jaxb\jaxb-core\4.0.2\jaxb-core-4.0.2.jar;C:\Users\Fragma\.m2\repository\org\eclipse\angus\angus-activation\2.0.0\angus-activation-2.0.0.jar;C:\Users\Fragma\.m2\repository\org\glassfish\jaxb\txw2\4.0.2\txw2-4.0.2.jar;C:\Users\Fragma\.m2\repository\com\sun\istack\istack-commons-runtime\4.1.1\istack-commons-runtime-4.1.1.jar;C:\Users\Fragma\.m2\repository\jakarta\inject\jakarta.inject-api\2.0.0\jakarta.inject-api-2.0.0.jar;C:\Users\Fragma\.m2\repository\org\antlr\antlr4-runtime\4.10.1\antlr4-runtime-4.10.1.jar;C:\Users\Fragma\.m2\repository\org\springframework\data\spring-data-jpa\3.0.4\spring-data-jpa-3.0.4.jar;C:\Users\Fragma\.m2\repository\org\springframework\data\spring-data-commons\3.0.4\spring-data-commons-3.0.4.jar;C:\Users\Fragma\.m2\repository\org\springframework\spring-orm\6.0.7\spring-orm-6.0.7.jar;C:\Users\Fragma\.m2\repository\org\springframework\spring-context\6.0.7\spring-context-6.0.7.jar;C:\Users\Fragma\.m2\repository\org\springframework\spring-tx\6.0.7\spring-tx-6.0.7.jar;C:\Users\Fragma\.m2\repository\org\springframework\spring-beans\6.0.7\spring-beans-6.0.7.jar;C:\Users\Fragma\.m2\repository\jakarta\annotation\jakarta.annotation-api\2.1.1\jakarta.annotation-api-2.1.1.jar;C:\Users\Fragma\.m2\repository\org\slf4j\slf4j-api\2.0.7\slf4j-api-2.0.7.jar;C:\Users\Fragma\.m2\repository\org\springframework\spring-aspects\6.0.7\spring-aspects-6.0.7.jar;C:\Users\Fragma\.m2\repository\org\springframework\boot\spring-boot-starter-web\3.0.5\spring-boot-starter-web-3.0.5.jar;C:\Users\Fragma\.m2\repository\org\springframework\boot\spring-boot-starter\3.0.5\spring-boot-starter-3.0.5.jar;C:\Users\Fragma\.m2\repository\org\springframework\boot\spring-boot-starter-logging\3.0.5\spring-boot-starter-logging-3.0.5.jar;C:\Users\Fragma\.m2\repository\ch\qos\logback\logback-classic\1.4.6\logback-classic-1.4.6.jar;C:\Users\Fragma\.m2\repository\ch\qos\logback\logback-core\1.4.6\logback-core-1.4.6.jar;C:\Users\Fragma\.m2\repository\org\apache\logging\log4j\log4j-to-slf4j\2.19.0\log4j-to-slf4j-2.19.0.jar;C:\Users\Fragma\.m2\repository\org\apache\logging\log4j\log4j-api\2.19.0\log4j-api-2.19.0.jar;C:\Users\Fragma\.m2\repository\org\slf4j\jul-to-slf4j\2.0.7\jul-to-slf4j-2.0.7.jar;C:\Users\Fragma\.m2\repository\org\yaml\snakeyaml\1.33\snakeyaml-1.33.jar;C:\Users\Fragma\.m2\repository\org\springframework\boot\spring-boot-starter-json\3.0.5\spring-boot-starter-json-3.0.5.jar;C:\Users\Fragma\.m2\repository\com\fasterxml\jackson\datatype\jackson-datatype-jdk8\2.14.2\jackson-datatype-jdk8-2.14.2.jar;C:\Users\Fragma\.m2\repository\com\fasterxml\jackson\datatype\jackson-datatype-jsr310\2.14.2\jackson-datatype-jsr310-2.14.2.jar;C:\Users\Fragma\.m2\repository\com\fasterxml\jackson\module\jackson-module-parameter-names\2.14.2\jackson-module-parameter-names-2.14.2.jar;C:\Users\Fragma\.m2\repository\org\springframework\boot\spring-boot-starter-tomcat\3.0.5\spring-boot-starter-tomcat-3.0.5.jar;C:\Users\Fragma\.m2\repository\org\apache\tomcat\embed\tomcat-embed-core\10.1.7\tomcat-embed-core-10.1.7.jar;C:\Users\Fragma\.m2\repository\org\apache\tomcat\embed\tomcat-embed-websocket\10.1.7\tomcat-embed-websocket-10.1.7.jar;C:\Users\Fragma\.m2\repository\org\springframework\spring-web\6.0.7\spring-web-6.0.7.jar;C:\Users\Fragma\.m2\repository\io\micrometer\micrometer-observation\1.10.5\micrometer-observation-1.10.5.jar;C:\Users\Fragma\.m2\repository\io\micrometer\micrometer-commons\1.10.5\micrometer-commons-1.10.5.jar;C:\Users\Fragma\.m2\repository\org\springframework\spring-webmvc\6.0.7\spring-webmvc-6.0.7.jar;C:\Users\Fragma\.m2\repository\org\springframework\spring-expression\6.0.7\spring-expression-6.0.7.jar;C:\Users\Fragma\.m2\repository\org\springframework\security\spring-security-core\6.0.2\spring-security-core-6.0.2.jar;C:\Users\Fragma\.m2\repository\org\springframework\security\spring-security-crypto\6.0.2\spring-security-crypto-6.0.2.jar;C:\Users\Fragma\.m2\repository\org\springframework\security\spring-security-web\6.0.2\spring-security-web-6.0.2.jar;C:\Users\Fragma\.m2\repository\org\springframework\spring-core\6.0.7\spring-core-6.0.7.jar;C:\Users\Fragma\.m2\repository\org\springframework\spring-jcl\6.0.7\spring-jcl-6.0.7.jar;C:\Users\Fragma\.m2\repository\com\fasterxml\jackson\core\jackson-databind\2.14.2\jackson-databind-2.14.2.jar;C:\Users\Fragma\.m2\repository\com\fasterxml\jackson\core\jackson-annotations\2.14.2\jackson-annotations-2.14.2.jar;C:\Users\Fragma\.m2\repository\com\fasterxml\jackson\core\jackson-core\2.14.2\jackson-core-2.14.2.jar;C:\Users\Fragma\.m2\repository\org\springframework\boot\spring-boot-starter-security\3.0.5\spring-boot-starter-security-3.0.5.jar;C:\Users\Fragma\.m2\repository\org\springframework\spring-aop\6.0.7\spring-aop-6.0.7.jar;C:\Users\Fragma\.m2\repository\org\springframework\security\spring-security-config\6.0.2\spring-security-config-6.0.2.jar;C:\Users\Fragma\.m2\repository\io\jsonwebtoken\jjwt\0.9.1\jjwt-0.9.1.jar;C:\Users\Fragma\.m2\repository\org\springframework\boot\spring-boot-starter-validation\3.0.5\spring-boot-starter-validation-3.0.5.jar;C:\Users\Fragma\.m2\repository\org\apache\tomcat\embed\tomcat-embed-el\10.1.7\tomcat-embed-el-10.1.7.jar;C:\Users\Fragma\.m2\repository\org\hibernate\validator\hibernate-validator\8.0.0.Final\hibernate-validator-8.0.0.Final.jar;C:\Users\Fragma\.m2\repository\jakarta\validation\jakarta.validation-api\3.0.2\jakarta.validation-api-3.0.2.jar;C:\Users\Fragma\.m2\repository\org\modelmapper\modelmapper\3.1.1\modelmapper-3.1.1.jar;C:\Users\Fragma\.m2\repository\org\springframework\boot\spring-boot-devtools\3.0.5\spring-boot-devtools-3.0.5.jar;C:\Users\Fragma\.m2\repository\org\springframework\boot\spring-boot\3.0.5\spring-boot-3.0.5.jar;C:\Users\Fragma\.m2\repository\org\springframework\boot\spring-boot-autoconfigure\3.0.5\spring-boot-autoconfigure-3.0.5.jar;C:\Users\Fragma\.m2\repository\com\mysql\mysql-connector-j\8.0.32\mysql-connector-j-8.0.32.jar;C:\Users\Fragma\.m2\repository\org\projectlombok\lombok\1.18.26\lombok-1.18.26.jar;C:\Users\Fragma\.m2\repository\jakarta\xml\bind\jakarta.xml.bind-api\4.0.0\jakarta.xml.bind-api-4.0.0.jar;C:\Users\Fragma\.m2\repository\jakarta\activation\jakarta.activation-api\2.1.1\jakarta.activation-api-2.1.1.jar
Launcher Type: SUN_STANDARD

[Global flags]
     intx CICompilerCount                          = 4                                         {product} {ergonomic}
     uint ConcGCThreads                            = 2                                         {product} {ergonomic}
     uint G1ConcRefinementThreads                  = 8                                         {product} {ergonomic}
   size_t G1HeapRegionSize                         = 1048576                                   {product} {ergonomic}
    uintx GCDrainStackTargetSize                   = 64                                        {product} {ergonomic}
   size_t InitialHeapSize                          = 132120576                                 {product} {ergonomic}
   size_t MarkStackSize                            = 4194304                                   {product} {ergonomic}
   size_t MaxHeapSize                              = 2113929216                                {product} {ergonomic}
   size_t MaxNewSize                               = 1267728384                                {product} {ergonomic}
   size_t MinHeapDeltaBytes                        = 1048576                                   {product} {ergonomic}
   size_t MinHeapSize                              = 8388608                                   {product} {ergonomic}
    uintx NonNMethodCodeHeapSize                   = 5839372                                {pd product} {ergonomic}
    uintx NonProfiledCodeHeapSize                  = 122909434                              {pd product} {ergonomic}
    uintx ProfiledCodeHeapSize                     = 122909434                              {pd product} {ergonomic}
    uintx ReservedCodeCacheSize                    = 251658240                              {pd product} {ergonomic}
     bool SegmentedCodeCache                       = true                                      {product} {ergonomic}
   size_t SoftMaxHeapSize                          = 2113929216                             {manageable} {ergonomic}
     bool UseCompressedClassPointers               = true                           {product lp64_product} {ergonomic}
     bool UseCompressedOops                        = true                           {product lp64_product} {ergonomic}
     bool UseG1GC                                  = true                                      {product} {ergonomic}
     bool UseLargePagesIndividualAllocation        = false                                  {pd product} {ergonomic}

Logging:
Log output configuration:
 #0: stdout all=warning uptime,level,tags foldmultilines=false
 #1: stderr all=off uptime,level,tags foldmultilines=false

Environment Variables:
PATH=C:\Program Files\Common Files\Oracle\Java\javapath;C:\WINDOWS\system32;C:\WINDOWS;C:\WINDOWS\System32\Wbem;C:\WINDOWS\System32\WindowsPowerShell\v1.0\;C:\WINDOWS\System32\OpenSSH\;C:\Program Files\Git\cmd;C:\Program Files\MySQL\MySQL Shell 8.0\bin\;C:\Users\Fragma\AppData\Local\Microsoft\WindowsApps;;C:\Program Files\JetBrains\IntelliJ IDEA Community Edition 2022.3\bin;
USERNAME=Fragma
OS=Windows_NT
PROCESSOR_IDENTIFIER=Intel64 Family 6 Model 142 Stepping 10, GenuineIntel
TMP=C:\Users\Fragma\AppData\Local\Temp
TEMP=C:\Users\Fragma\AppData\Local\Temp



---------------  S Y S T E M  ---------------

OS:
 Windows 11 , 64 bit Build 22621 (10.0.22621.1485)
OS uptime: 10 days 23:14 hours

CPU: total 8 (initial active 8) (4 cores per cpu, 2 threads per core) family 6 model 142 stepping 10 microcode 0xe0, cx8, cmov, fxsr, ht, mmx, 3dnowpref, sse, sse2, sse3, ssse3, sse4.1, sse4.2, popcnt, lzcnt, tsc, tscinvbit, avx, avx2, aes, erms, clmul, bmi1, bmi2, adx, fma, vzeroupper, clflush, clflushopt, rdtscp

Memory: 4k page, system-wide physical 8060M (851M free)
TotalPageFile size 20780M (AvailPageFile size 125M)
current process WorkingSet (physical memory assigned to process): 150M, peak: 150M
current process commit charge ("private bytes"): 270M, peak: 270M

vm_info: Java HotSpot(TM) 64-Bit Server VM (19.0.1+10-21) for windows-amd64 JRE (19.0.1+10-21), built on 2022-09-14T12:45:06Z by "mach5one" with MS VC++ 17.1 (VS2022)

END.
